<?xml version="1.0" encoding="UTF-8"?>
<testng-results skipped="0" failed="0" total="2" passed="2">
  <reporter-output>
  </reporter-output>
  <suite name="Default suite" duration-ms="5605" started-at="2016-10-13T22:01:02Z" finished-at="2016-10-13T22:01:07Z">
    <groups>
    </groups>
    <test name="Default test" duration-ms="5605" started-at="2016-10-13T22:01:02Z" finished-at="2016-10-13T22:01:07Z">
      <class name="com.guru99bank.tests.LoginTests">
        <test-method status="PASS" signature="setup()[pri:0, instance:com.guru99bank.tests.LoginTests@36c88a32]" name="setup" is-config="true" duration-ms="1877" started-at="2016-10-14T03:31:02Z" finished-at="2016-10-14T03:31:03Z">
          <reporter-output>
          </reporter-output>
        </test-method> <!-- setup -->
        <test-method status="PASS" signature="pageLoad()[pri:0, instance:com.guru99bank.tests.LoginTests@36c88a32]" name="pageLoad" duration-ms="1455" started-at="2016-10-14T03:31:03Z" finished-at="2016-10-14T03:31:05Z">
          <reporter-output>
          </reporter-output>
        </test-method> <!-- pageLoad -->
        <test-method status="PASS" signature="Login()[pri:0, instance:com.guru99bank.tests.LoginTests@36c88a32]" name="Login" duration-ms="1319" started-at="2016-10-14T03:31:05Z" depends-on-methods="com.guru99bank.tests.LoginTests.pageLoad" finished-at="2016-10-14T03:31:06Z">
          <reporter-output>
          </reporter-output>
        </test-method> <!-- Login -->
        <test-method status="PASS" signature="tearDown()[pri:0, instance:com.guru99bank.tests.LoginTests@36c88a32]" name="tearDown" is-config="true" duration-ms="936" started-at="2016-10-14T03:31:06Z" finished-at="2016-10-14T03:31:07Z">
          <reporter-output>
          </reporter-output>
        </test-method> <!-- tearDown -->
      </class> <!-- com.guru99bank.tests.LoginTests -->
    </test> <!-- Default test -->
  </suite> <!-- Default suite -->
</testng-results>
